2024-06-09 01:28:03 [main] INFO  auto.create.oci_vm.OciVmApplication - Starting OciVmApplication using Java 11.0.23 on sHus-MacBook-Pro.local with PID 3254 (/Users/shu/Desktop/auto-create-oci_vm/out/production/classes started by shu in /Users/shu/Desktop/auto-create-oci_vm)
2024-06-09 01:28:03 [main] INFO  auto.create.oci_vm.OciVmApplication - No active profile set, falling back to 1 default profile: "default"
2024-06-09 01:28:03 [main] INFO  o.s.b.w.e.tomcat.TomcatWebServer - Tomcat initialized with port(s): 8080 (http)
2024-06-09 01:28:03 [main] INFO  o.a.coyote.http11.Http11NioProtocol - Initializing ProtocolHandler ["http-nio-8080"]
2024-06-09 01:28:03 [main] INFO  o.a.catalina.core.StandardService - Starting service [Tomcat]
2024-06-09 01:28:03 [main] INFO  o.a.catalina.core.StandardEngine - Starting Servlet engine: [Apache Tomcat/9.0.79]
2024-06-09 01:28:03 [main] INFO  o.a.c.c.C.[Tomcat].[localhost].[/] - Initializing Spring embedded WebApplicationContext
2024-06-09 01:28:03 [main] INFO  o.s.b.w.s.c.ServletWebServerApplicationContext - Root WebApplicationContext: initialization completed in 327 ms
2024-06-09 01:28:03 [main] INFO  com.oracle.bmc.Services - Registering new service: Services.BasicService(serviceName=COMPUTE, serviceEndpointPrefix=iaas, serviceEndpointTemplate=https://iaas.{region}.{secondLevelDomain}, endpointServiceName=null)
2024-06-09 01:28:04 [main] INFO  com.oracle.bmc.Region - Loaded service 'COMPUTE' endpoint mappings: {AP_SINGAPORE_1=https://iaas.ap-singapore-1.oraclecloud.com}
2024-06-09 01:28:04 [main] INFO  com.oracle.bmc.core.ComputeClient - Setting endpoint to https://iaas.ap-singapore-1.oraclecloud.com
2024-06-09 01:28:04 [main] INFO  c.o.b.h.c.j.JerseyHttpClientBuilder - Setting connector provider to ApacheConnectorProvider
2024-06-09 01:28:04 [main] INFO  com.oracle.bmc.ClientRuntime - Using SDK: Oracle-JavaSDK/3.43.0
2024-06-09 01:28:04 [main] INFO  com.oracle.bmc.ClientRuntime - User agent set to: Oracle-JavaSDK/3.43.0 (Mac OS X/14.5; Java/11.0.23; OpenJDK 64-Bit Server VM/11.0.23+9)
2024-06-09 01:28:04 [main] INFO  com.oracle.bmc.core.ComputeClient - The client is compatible with the oci-java-sdk-common version '3.43.0', since the client was generated using codegen version '2.78', which is in the compatible codegen version range '2.26' to '2.78'
2024-06-09 01:28:04 [main] WARN  o.s.b.a.t.ThymeleafAutoConfiguration$DefaultTemplateResolverConfiguration - Cannot find template location: classpath:/templates/ (please add some templates, check your Thymeleaf configuration, or set spring.thymeleaf.check-template-location=false)
2024-06-09 01:28:04 [main] INFO  o.a.coyote.http11.Http11NioProtocol - Starting ProtocolHandler ["http-nio-8080"]
2024-06-09 01:28:04 [main] INFO  o.s.b.w.e.tomcat.TomcatWebServer - Tomcat started on port(s): 8080 (http) with context path ''
2024-06-09 01:28:04 [main] INFO  auto.create.oci_vm.OciVmApplication - Started OciVmApplication in 0.787 seconds (JVM running for 0.999)
2024-06-09 01:28:27 [main] INFO  auto.create.oci_vm.OciVmApplication - Starting OciVmApplication using Java 11.0.23 on sHus-MacBook-Pro.local with PID 3260 (/Users/shu/Desktop/auto-create-oci_vm/out/production/classes started by shu in /Users/shu/Desktop/auto-create-oci_vm)
2024-06-09 01:28:27 [main] INFO  auto.create.oci_vm.OciVmApplication - No active profile set, falling back to 1 default profile: "default"
2024-06-09 01:28:27 [main] INFO  o.s.b.w.e.tomcat.TomcatWebServer - Tomcat initialized with port(s): 8080 (http)
2024-06-09 01:28:27 [main] INFO  o.a.coyote.http11.Http11NioProtocol - Initializing ProtocolHandler ["http-nio-8080"]
2024-06-09 01:28:27 [main] INFO  o.a.catalina.core.StandardService - Starting service [Tomcat]
2024-06-09 01:28:27 [main] INFO  o.a.catalina.core.StandardEngine - Starting Servlet engine: [Apache Tomcat/9.0.79]
2024-06-09 01:28:27 [main] INFO  o.a.c.c.C.[Tomcat].[localhost].[/] - Initializing Spring embedded WebApplicationContext
2024-06-09 01:28:27 [main] INFO  o.s.b.w.s.c.ServletWebServerApplicationContext - Root WebApplicationContext: initialization completed in 334 ms
2024-06-09 01:28:27 [main] INFO  com.oracle.bmc.Services - Registering new service: Services.BasicService(serviceName=COMPUTE, serviceEndpointPrefix=iaas, serviceEndpointTemplate=https://iaas.{region}.{secondLevelDomain}, endpointServiceName=null)
2024-06-09 01:28:27 [main] INFO  com.oracle.bmc.Region - Loaded service 'COMPUTE' endpoint mappings: {AP_SINGAPORE_1=https://iaas.ap-singapore-1.oraclecloud.com}
2024-06-09 01:28:27 [main] INFO  com.oracle.bmc.core.ComputeClient - Setting endpoint to https://iaas.ap-singapore-1.oraclecloud.com
2024-06-09 01:28:27 [main] INFO  c.o.b.h.c.j.JerseyHttpClientBuilder - Setting connector provider to ApacheConnectorProvider
2024-06-09 01:28:27 [main] INFO  com.oracle.bmc.ClientRuntime - Using SDK: Oracle-JavaSDK/3.43.0
2024-06-09 01:28:27 [main] INFO  com.oracle.bmc.ClientRuntime - User agent set to: Oracle-JavaSDK/3.43.0 (Mac OS X/14.5; Java/11.0.23; OpenJDK 64-Bit Server VM/11.0.23+9)
2024-06-09 01:28:27 [main] INFO  com.oracle.bmc.core.ComputeClient - The client is compatible with the oci-java-sdk-common version '3.43.0', since the client was generated using codegen version '2.78', which is in the compatible codegen version range '2.26' to '2.78'
2024-06-09 01:28:27 [main] WARN  o.s.b.a.t.ThymeleafAutoConfiguration$DefaultTemplateResolverConfiguration - Cannot find template location: classpath:/templates/ (please add some templates, check your Thymeleaf configuration, or set spring.thymeleaf.check-template-location=false)
2024-06-09 01:28:27 [main] INFO  o.a.coyote.http11.Http11NioProtocol - Starting ProtocolHandler ["http-nio-8080"]
2024-06-09 01:28:28 [main] INFO  o.s.b.w.e.tomcat.TomcatWebServer - Tomcat started on port(s): 8080 (http) with context path ''
2024-06-09 01:28:28 [main] INFO  auto.create.oci_vm.OciVmApplication - Started OciVmApplication in 0.82 seconds (JVM running for 1.072)
2024-06-09 01:29:06 [scheduling-1] ERROR a.c.o.schedular.CreateVmSchedular - SRV5 서버 생성에 실패하였습니다. (Out of host capacity)
2024-06-09 01:29:13 [scheduling-1] ERROR a.c.o.schedular.CreateVmSchedular - SRV6 서버 생성에 실패하였습니다. (Out of host capacity)
2024-06-09 01:29:20 [scheduling-1] ERROR a.c.o.schedular.CreateVmSchedular - SRV7 서버 생성에 실패하였습니다. (Out of host capacity)
2024-06-09 01:29:26 [scheduling-1] ERROR a.c.o.schedular.CreateVmSchedular - SRV8 서버 생성에 실패하였습니다. (Out of host capacity)
2024-06-09 01:34:40 [main] INFO  auto.create.oci_vm.OciVmApplication - Starting OciVmApplication using Java 11.0.23 on sHus-MacBook-Pro.local with PID 3372 (/Users/shu/Desktop/auto-create-oci_vm/out/production/classes started by shu in /Users/shu/Desktop/auto-create-oci_vm)
2024-06-09 01:34:40 [main] INFO  auto.create.oci_vm.OciVmApplication - No active profile set, falling back to 1 default profile: "default"
2024-06-09 01:34:40 [main] INFO  o.s.b.w.e.tomcat.TomcatWebServer - Tomcat initialized with port(s): 8080 (http)
2024-06-09 01:34:40 [main] INFO  o.a.coyote.http11.Http11NioProtocol - Initializing ProtocolHandler ["http-nio-8080"]
2024-06-09 01:34:40 [main] INFO  o.a.catalina.core.StandardService - Starting service [Tomcat]
2024-06-09 01:34:40 [main] INFO  o.a.catalina.core.StandardEngine - Starting Servlet engine: [Apache Tomcat/9.0.79]
2024-06-09 01:34:40 [main] INFO  o.a.c.c.C.[Tomcat].[localhost].[/] - Initializing Spring embedded WebApplicationContext
2024-06-09 01:34:40 [main] INFO  o.s.b.w.s.c.ServletWebServerApplicationContext - Root WebApplicationContext: initialization completed in 336 ms
2024-06-09 01:34:40 [main] WARN  o.s.b.w.s.c.AnnotationConfigServletWebServerApplicationContext - Exception encountered during context initialization - cancelling refresh attempt: org.springframework.beans.factory.BeanCreationException: Error creating bean with name 'oracleCloudConfig' defined in file [/Users/shu/Desktop/auto-create-oci_vm/out/production/classes/auto/create/oci_vm/config/OracleCloudConfig.class]: Bean instantiation via constructor failed; nested exception is org.springframework.beans.BeanInstantiationException: Failed to instantiate [auto.create.oci_vm.config.OracleCloudConfig$$EnhancerBySpringCGLIB$$96cfded6]: Constructor threw exception; nested exception is java.io.FileNotFoundException: resources/ociConfig (No such file or directory)
2024-06-09 01:34:40 [main] INFO  o.a.catalina.core.StandardService - Stopping service [Tomcat]
2024-06-09 01:34:40 [main] INFO  o.s.b.a.l.ConditionEvaluationReportLoggingListener - 

Error starting ApplicationContext. To display the conditions report re-run your application with 'debug' enabled.
2024-06-09 01:34:40 [main] ERROR o.s.boot.SpringApplication - Application run failed
org.springframework.beans.factory.BeanCreationException: Error creating bean with name 'oracleCloudConfig' defined in file [/Users/shu/Desktop/auto-create-oci_vm/out/production/classes/auto/create/oci_vm/config/OracleCloudConfig.class]: Bean instantiation via constructor failed; nested exception is org.springframework.beans.BeanInstantiationException: Failed to instantiate [auto.create.oci_vm.config.OracleCloudConfig$$EnhancerBySpringCGLIB$$96cfded6]: Constructor threw exception; nested exception is java.io.FileNotFoundException: resources/ociConfig (No such file or directory)
	at org.springframework.beans.factory.support.ConstructorResolver.instantiate(ConstructorResolver.java:315)
	at org.springframework.beans.factory.support.ConstructorResolver.autowireConstructor(ConstructorResolver.java:296)
	at org.springframework.beans.factory.support.AbstractAutowireCapableBeanFactory.autowireConstructor(AbstractAutowireCapableBeanFactory.java:1372)
	at org.springframework.beans.factory.support.AbstractAutowireCapableBeanFactory.createBeanInstance(AbstractAutowireCapableBeanFactory.java:1222)
	at org.springframework.beans.factory.support.AbstractAutowireCapableBeanFactory.doCreateBean(AbstractAutowireCapableBeanFactory.java:582)
	at org.springframework.beans.factory.support.AbstractAutowireCapableBeanFactory.createBean(AbstractAutowireCapableBeanFactory.java:542)
	at org.springframework.beans.factory.support.AbstractBeanFactory.lambda$doGetBean$0(AbstractBeanFactory.java:335)
	at org.springframework.beans.factory.support.DefaultSingletonBeanRegistry.getSingleton(DefaultSingletonBeanRegistry.java:234)
	at org.springframework.beans.factory.support.AbstractBeanFactory.doGetBean(AbstractBeanFactory.java:333)
	at org.springframework.beans.factory.support.AbstractBeanFactory.getBean(AbstractBeanFactory.java:208)
	at org.springframework.beans.factory.support.DefaultListableBeanFactory.preInstantiateSingletons(DefaultListableBeanFactory.java:955)
	at org.springframework.context.support.AbstractApplicationContext.finishBeanFactoryInitialization(AbstractApplicationContext.java:921)
	at org.springframework.context.support.AbstractApplicationContext.refresh(AbstractApplicationContext.java:583)
	at org.springframework.boot.web.servlet.context.ServletWebServerApplicationContext.refresh(ServletWebServerApplicationContext.java:147)
	at org.springframework.boot.SpringApplication.refresh(SpringApplication.java:731)
	at org.springframework.boot.SpringApplication.refreshContext(SpringApplication.java:408)
	at org.springframework.boot.SpringApplication.run(SpringApplication.java:307)
	at org.springframework.boot.SpringApplication.run(SpringApplication.java:1303)
	at org.springframework.boot.SpringApplication.run(SpringApplication.java:1292)
	at auto.create.oci_vm.OciVmApplication.main(OciVmApplication.java:14)
Caused by: org.springframework.beans.BeanInstantiationException: Failed to instantiate [auto.create.oci_vm.config.OracleCloudConfig$$EnhancerBySpringCGLIB$$96cfded6]: Constructor threw exception; nested exception is java.io.FileNotFoundException: resources/ociConfig (No such file or directory)
	at org.springframework.beans.BeanUtils.instantiateClass(BeanUtils.java:224)
	at org.springframework.beans.factory.support.SimpleInstantiationStrategy.instantiate(SimpleInstantiationStrategy.java:117)
	at org.springframework.beans.factory.support.ConstructorResolver.instantiate(ConstructorResolver.java:311)
	... 19 common frames omitted
Caused by: java.io.FileNotFoundException: resources/ociConfig (No such file or directory)
	at java.base/java.io.FileInputStream.open0(Native Method)
	at java.base/java.io.FileInputStream.open(FileInputStream.java:219)
	at java.base/java.io.FileInputStream.<init>(FileInputStream.java:157)
	at com.oracle.bmc.ConfigFileReader.parse(ConfigFileReader.java:122)
	at com.oracle.bmc.auth.ConfigFileAuthenticationDetailsProvider.<init>(ConfigFileAuthenticationDetailsProvider.java:64)
	at auto.create.oci_vm.config.OracleCloudConfig.<init>(OracleCloudConfig.java:24)
	at auto.create.oci_vm.config.OracleCloudConfig$$EnhancerBySpringCGLIB$$96cfded6.<init>(<generated>)
	at java.base/jdk.internal.reflect.NativeConstructorAccessorImpl.newInstance0(Native Method)
	at java.base/jdk.internal.reflect.NativeConstructorAccessorImpl.newInstance(NativeConstructorAccessorImpl.java:62)
	at java.base/jdk.internal.reflect.DelegatingConstructorAccessorImpl.newInstance(DelegatingConstructorAccessorImpl.java:45)
	at java.base/java.lang.reflect.Constructor.newInstance(Constructor.java:490)
	at org.springframework.beans.BeanUtils.instantiateClass(BeanUtils.java:211)
	... 21 common frames omitted
2024-06-09 01:35:32 [main] INFO  auto.create.oci_vm.OciVmApplication - Starting OciVmApplication using Java 11.0.23 on sHus-MacBook-Pro.local with PID 3375 (/Users/shu/Desktop/auto-create-oci_vm/out/production/classes started by shu in /Users/shu/Desktop/auto-create-oci_vm)
2024-06-09 01:35:32 [main] INFO  auto.create.oci_vm.OciVmApplication - No active profile set, falling back to 1 default profile: "default"
2024-06-09 01:35:32 [main] INFO  o.s.b.w.e.tomcat.TomcatWebServer - Tomcat initialized with port(s): 8080 (http)
2024-06-09 01:35:32 [main] INFO  o.a.coyote.http11.Http11NioProtocol - Initializing ProtocolHandler ["http-nio-8080"]
2024-06-09 01:35:32 [main] INFO  o.a.catalina.core.StandardService - Starting service [Tomcat]
2024-06-09 01:35:32 [main] INFO  o.a.catalina.core.StandardEngine - Starting Servlet engine: [Apache Tomcat/9.0.79]
2024-06-09 01:35:32 [main] INFO  o.a.c.c.C.[Tomcat].[localhost].[/] - Initializing Spring embedded WebApplicationContext
2024-06-09 01:35:32 [main] INFO  o.s.b.w.s.c.ServletWebServerApplicationContext - Root WebApplicationContext: initialization completed in 333 ms
2024-06-09 01:35:32 [main] WARN  o.s.b.w.s.c.AnnotationConfigServletWebServerApplicationContext - Exception encountered during context initialization - cancelling refresh attempt: org.springframework.beans.factory.BeanCreationException: Error creating bean with name 'oracleCloudConfig' defined in file [/Users/shu/Desktop/auto-create-oci_vm/out/production/classes/auto/create/oci_vm/config/OracleCloudConfig.class]: Bean instantiation via constructor failed; nested exception is org.springframework.beans.BeanInstantiationException: Failed to instantiate [auto.create.oci_vm.config.OracleCloudConfig$$EnhancerBySpringCGLIB$$96cfded6]: Constructor threw exception; nested exception is java.io.FileNotFoundException: ociConfig (No such file or directory)
2024-06-09 01:35:32 [main] INFO  o.a.catalina.core.StandardService - Stopping service [Tomcat]
2024-06-09 01:35:32 [main] INFO  o.s.b.a.l.ConditionEvaluationReportLoggingListener - 

Error starting ApplicationContext. To display the conditions report re-run your application with 'debug' enabled.
2024-06-09 01:35:32 [main] ERROR o.s.boot.SpringApplication - Application run failed
org.springframework.beans.factory.BeanCreationException: Error creating bean with name 'oracleCloudConfig' defined in file [/Users/shu/Desktop/auto-create-oci_vm/out/production/classes/auto/create/oci_vm/config/OracleCloudConfig.class]: Bean instantiation via constructor failed; nested exception is org.springframework.beans.BeanInstantiationException: Failed to instantiate [auto.create.oci_vm.config.OracleCloudConfig$$EnhancerBySpringCGLIB$$96cfded6]: Constructor threw exception; nested exception is java.io.FileNotFoundException: ociConfig (No such file or directory)
	at org.springframework.beans.factory.support.ConstructorResolver.instantiate(ConstructorResolver.java:315)
	at org.springframework.beans.factory.support.ConstructorResolver.autowireConstructor(ConstructorResolver.java:296)
	at org.springframework.beans.factory.support.AbstractAutowireCapableBeanFactory.autowireConstructor(AbstractAutowireCapableBeanFactory.java:1372)
	at org.springframework.beans.factory.support.AbstractAutowireCapableBeanFactory.createBeanInstance(AbstractAutowireCapableBeanFactory.java:1222)
	at org.springframework.beans.factory.support.AbstractAutowireCapableBeanFactory.doCreateBean(AbstractAutowireCapableBeanFactory.java:582)
	at org.springframework.beans.factory.support.AbstractAutowireCapableBeanFactory.createBean(AbstractAutowireCapableBeanFactory.java:542)
	at org.springframework.beans.factory.support.AbstractBeanFactory.lambda$doGetBean$0(AbstractBeanFactory.java:335)
	at org.springframework.beans.factory.support.DefaultSingletonBeanRegistry.getSingleton(DefaultSingletonBeanRegistry.java:234)
	at org.springframework.beans.factory.support.AbstractBeanFactory.doGetBean(AbstractBeanFactory.java:333)
	at org.springframework.beans.factory.support.AbstractBeanFactory.getBean(AbstractBeanFactory.java:208)
	at org.springframework.beans.factory.support.DefaultListableBeanFactory.preInstantiateSingletons(DefaultListableBeanFactory.java:955)
	at org.springframework.context.support.AbstractApplicationContext.finishBeanFactoryInitialization(AbstractApplicationContext.java:921)
	at org.springframework.context.support.AbstractApplicationContext.refresh(AbstractApplicationContext.java:583)
	at org.springframework.boot.web.servlet.context.ServletWebServerApplicationContext.refresh(ServletWebServerApplicationContext.java:147)
	at org.springframework.boot.SpringApplication.refresh(SpringApplication.java:731)
	at org.springframework.boot.SpringApplication.refreshContext(SpringApplication.java:408)
	at org.springframework.boot.SpringApplication.run(SpringApplication.java:307)
	at org.springframework.boot.SpringApplication.run(SpringApplication.java:1303)
	at org.springframework.boot.SpringApplication.run(SpringApplication.java:1292)
	at auto.create.oci_vm.OciVmApplication.main(OciVmApplication.java:14)
Caused by: org.springframework.beans.BeanInstantiationException: Failed to instantiate [auto.create.oci_vm.config.OracleCloudConfig$$EnhancerBySpringCGLIB$$96cfded6]: Constructor threw exception; nested exception is java.io.FileNotFoundException: ociConfig (No such file or directory)
	at org.springframework.beans.BeanUtils.instantiateClass(BeanUtils.java:224)
	at org.springframework.beans.factory.support.SimpleInstantiationStrategy.instantiate(SimpleInstantiationStrategy.java:117)
	at org.springframework.beans.factory.support.ConstructorResolver.instantiate(ConstructorResolver.java:311)
	... 19 common frames omitted
Caused by: java.io.FileNotFoundException: ociConfig (No such file or directory)
	at java.base/java.io.FileInputStream.open0(Native Method)
	at java.base/java.io.FileInputStream.open(FileInputStream.java:219)
	at java.base/java.io.FileInputStream.<init>(FileInputStream.java:157)
	at com.oracle.bmc.ConfigFileReader.parse(ConfigFileReader.java:122)
	at com.oracle.bmc.auth.ConfigFileAuthenticationDetailsProvider.<init>(ConfigFileAuthenticationDetailsProvider.java:64)
	at auto.create.oci_vm.config.OracleCloudConfig.<init>(OracleCloudConfig.java:24)
	at auto.create.oci_vm.config.OracleCloudConfig$$EnhancerBySpringCGLIB$$96cfded6.<init>(<generated>)
	at java.base/jdk.internal.reflect.NativeConstructorAccessorImpl.newInstance0(Native Method)
	at java.base/jdk.internal.reflect.NativeConstructorAccessorImpl.newInstance(NativeConstructorAccessorImpl.java:62)
	at java.base/jdk.internal.reflect.DelegatingConstructorAccessorImpl.newInstance(DelegatingConstructorAccessorImpl.java:45)
	at java.base/java.lang.reflect.Constructor.newInstance(Constructor.java:490)
	at org.springframework.beans.BeanUtils.instantiateClass(BeanUtils.java:211)
	... 21 common frames omitted
2024-06-09 01:36:53 [main] INFO  auto.create.oci_vm.OciVmApplication - Starting OciVmApplication using Java 11.0.23 on sHus-MacBook-Pro.local with PID 3384 (/Users/shu/Desktop/auto-create-oci_vm/out/production/classes started by shu in /Users/shu/Desktop/auto-create-oci_vm)
2024-06-09 01:36:53 [main] INFO  auto.create.oci_vm.OciVmApplication - No active profile set, falling back to 1 default profile: "default"
2024-06-09 01:36:53 [main] INFO  o.s.b.w.e.tomcat.TomcatWebServer - Tomcat initialized with port(s): 8080 (http)
2024-06-09 01:36:53 [main] INFO  o.a.coyote.http11.Http11NioProtocol - Initializing ProtocolHandler ["http-nio-8080"]
2024-06-09 01:36:53 [main] INFO  o.a.catalina.core.StandardService - Starting service [Tomcat]
2024-06-09 01:36:53 [main] INFO  o.a.catalina.core.StandardEngine - Starting Servlet engine: [Apache Tomcat/9.0.79]
2024-06-09 01:36:53 [main] INFO  o.a.c.c.C.[Tomcat].[localhost].[/] - Initializing Spring embedded WebApplicationContext
2024-06-09 01:36:53 [main] INFO  o.s.b.w.s.c.ServletWebServerApplicationContext - Root WebApplicationContext: initialization completed in 316 ms
2024-06-09 01:36:53 [main] WARN  o.s.b.w.s.c.AnnotationConfigServletWebServerApplicationContext - Exception encountered during context initialization - cancelling refresh attempt: org.springframework.beans.factory.BeanCreationException: Error creating bean with name 'oracleCloudConfig' defined in file [/Users/shu/Desktop/auto-create-oci_vm/out/production/classes/auto/create/oci_vm/config/OracleCloudConfig.class]: Bean instantiation via constructor failed; nested exception is org.springframework.beans.BeanInstantiationException: Failed to instantiate [auto.create.oci_vm.config.OracleCloudConfig$$EnhancerBySpringCGLIB$$8c181e9a]: Constructor threw exception; nested exception is java.io.FileNotFoundException: classpath:ociConfig (No such file or directory)
2024-06-09 01:36:53 [main] INFO  o.a.catalina.core.StandardService - Stopping service [Tomcat]
2024-06-09 01:36:53 [main] INFO  o.s.b.a.l.ConditionEvaluationReportLoggingListener - 

Error starting ApplicationContext. To display the conditions report re-run your application with 'debug' enabled.
2024-06-09 01:36:53 [main] ERROR o.s.boot.SpringApplication - Application run failed
org.springframework.beans.factory.BeanCreationException: Error creating bean with name 'oracleCloudConfig' defined in file [/Users/shu/Desktop/auto-create-oci_vm/out/production/classes/auto/create/oci_vm/config/OracleCloudConfig.class]: Bean instantiation via constructor failed; nested exception is org.springframework.beans.BeanInstantiationException: Failed to instantiate [auto.create.oci_vm.config.OracleCloudConfig$$EnhancerBySpringCGLIB$$8c181e9a]: Constructor threw exception; nested exception is java.io.FileNotFoundException: classpath:ociConfig (No such file or directory)
	at org.springframework.beans.factory.support.ConstructorResolver.instantiate(ConstructorResolver.java:315)
	at org.springframework.beans.factory.support.ConstructorResolver.autowireConstructor(ConstructorResolver.java:296)
	at org.springframework.beans.factory.support.AbstractAutowireCapableBeanFactory.autowireConstructor(AbstractAutowireCapableBeanFactory.java:1372)
	at org.springframework.beans.factory.support.AbstractAutowireCapableBeanFactory.createBeanInstance(AbstractAutowireCapableBeanFactory.java:1222)
	at org.springframework.beans.factory.support.AbstractAutowireCapableBeanFactory.doCreateBean(AbstractAutowireCapableBeanFactory.java:582)
	at org.springframework.beans.factory.support.AbstractAutowireCapableBeanFactory.createBean(AbstractAutowireCapableBeanFactory.java:542)
	at org.springframework.beans.factory.support.AbstractBeanFactory.lambda$doGetBean$0(AbstractBeanFactory.java:335)
	at org.springframework.beans.factory.support.DefaultSingletonBeanRegistry.getSingleton(DefaultSingletonBeanRegistry.java:234)
	at org.springframework.beans.factory.support.AbstractBeanFactory.doGetBean(AbstractBeanFactory.java:333)
	at org.springframework.beans.factory.support.AbstractBeanFactory.getBean(AbstractBeanFactory.java:208)
	at org.springframework.beans.factory.support.DefaultListableBeanFactory.preInstantiateSingletons(DefaultListableBeanFactory.java:955)
	at org.springframework.context.support.AbstractApplicationContext.finishBeanFactoryInitialization(AbstractApplicationContext.java:921)
	at org.springframework.context.support.AbstractApplicationContext.refresh(AbstractApplicationContext.java:583)
	at org.springframework.boot.web.servlet.context.ServletWebServerApplicationContext.refresh(ServletWebServerApplicationContext.java:147)
	at org.springframework.boot.SpringApplication.refresh(SpringApplication.java:731)
	at org.springframework.boot.SpringApplication.refreshContext(SpringApplication.java:408)
	at org.springframework.boot.SpringApplication.run(SpringApplication.java:307)
	at org.springframework.boot.SpringApplication.run(SpringApplication.java:1303)
	at org.springframework.boot.SpringApplication.run(SpringApplication.java:1292)
	at auto.create.oci_vm.OciVmApplication.main(OciVmApplication.java:14)
Caused by: org.springframework.beans.BeanInstantiationException: Failed to instantiate [auto.create.oci_vm.config.OracleCloudConfig$$EnhancerBySpringCGLIB$$8c181e9a]: Constructor threw exception; nested exception is java.io.FileNotFoundException: classpath:ociConfig (No such file or directory)
	at org.springframework.beans.BeanUtils.instantiateClass(BeanUtils.java:224)
	at org.springframework.beans.factory.support.SimpleInstantiationStrategy.instantiate(SimpleInstantiationStrategy.java:117)
	at org.springframework.beans.factory.support.ConstructorResolver.instantiate(ConstructorResolver.java:311)
	... 19 common frames omitted
Caused by: java.io.FileNotFoundException: classpath:ociConfig (No such file or directory)
	at java.base/java.io.FileInputStream.open0(Native Method)
	at java.base/java.io.FileInputStream.open(FileInputStream.java:219)
	at java.base/java.io.FileInputStream.<init>(FileInputStream.java:157)
	at com.oracle.bmc.ConfigFileReader.parse(ConfigFileReader.java:122)
	at com.oracle.bmc.auth.ConfigFileAuthenticationDetailsProvider.<init>(ConfigFileAuthenticationDetailsProvider.java:64)
	at auto.create.oci_vm.config.OracleCloudConfig.<init>(OracleCloudConfig.java:24)
	at auto.create.oci_vm.config.OracleCloudConfig$$EnhancerBySpringCGLIB$$8c181e9a.<init>(<generated>)
	at java.base/jdk.internal.reflect.NativeConstructorAccessorImpl.newInstance0(Native Method)
	at java.base/jdk.internal.reflect.NativeConstructorAccessorImpl.newInstance(NativeConstructorAccessorImpl.java:62)
	at java.base/jdk.internal.reflect.DelegatingConstructorAccessorImpl.newInstance(DelegatingConstructorAccessorImpl.java:45)
	at java.base/java.lang.reflect.Constructor.newInstance(Constructor.java:490)
	at org.springframework.beans.BeanUtils.instantiateClass(BeanUtils.java:211)
	... 21 common frames omitted
2024-06-09 01:37:17 [main] INFO  auto.create.oci_vm.OciVmApplication - Starting OciVmApplication using Java 11.0.23 on sHus-MacBook-Pro.local with PID 3390 (/Users/shu/Desktop/auto-create-oci_vm/out/production/classes started by shu in /Users/shu/Desktop/auto-create-oci_vm)
2024-06-09 01:37:17 [main] INFO  auto.create.oci_vm.OciVmApplication - No active profile set, falling back to 1 default profile: "default"
2024-06-09 01:37:17 [main] INFO  o.s.b.w.e.tomcat.TomcatWebServer - Tomcat initialized with port(s): 8080 (http)
2024-06-09 01:37:17 [main] INFO  o.a.coyote.http11.Http11NioProtocol - Initializing ProtocolHandler ["http-nio-8080"]
2024-06-09 01:37:17 [main] INFO  o.a.catalina.core.StandardService - Starting service [Tomcat]
2024-06-09 01:37:17 [main] INFO  o.a.catalina.core.StandardEngine - Starting Servlet engine: [Apache Tomcat/9.0.79]
2024-06-09 01:37:17 [main] INFO  o.a.c.c.C.[Tomcat].[localhost].[/] - Initializing Spring embedded WebApplicationContext
2024-06-09 01:37:17 [main] INFO  o.s.b.w.s.c.ServletWebServerApplicationContext - Root WebApplicationContext: initialization completed in 321 ms
2024-06-09 01:37:17 [main] INFO  com.oracle.bmc.Services - Registering new service: Services.BasicService(serviceName=COMPUTE, serviceEndpointPrefix=iaas, serviceEndpointTemplate=https://iaas.{region}.{secondLevelDomain}, endpointServiceName=null)
2024-06-09 01:37:17 [main] INFO  com.oracle.bmc.Region - Loaded service 'COMPUTE' endpoint mappings: {AP_SINGAPORE_1=https://iaas.ap-singapore-1.oraclecloud.com}
2024-06-09 01:37:17 [main] INFO  com.oracle.bmc.core.ComputeClient - Setting endpoint to https://iaas.ap-singapore-1.oraclecloud.com
2024-06-09 01:37:17 [main] INFO  c.o.b.h.c.j.JerseyHttpClientBuilder - Setting connector provider to ApacheConnectorProvider
2024-06-09 01:37:17 [main] INFO  com.oracle.bmc.ClientRuntime - Using SDK: Oracle-JavaSDK/3.43.0
2024-06-09 01:37:17 [main] INFO  com.oracle.bmc.ClientRuntime - User agent set to: Oracle-JavaSDK/3.43.0 (Mac OS X/14.5; Java/11.0.23; OpenJDK 64-Bit Server VM/11.0.23+9)
2024-06-09 01:37:17 [main] INFO  com.oracle.bmc.core.ComputeClient - The client is compatible with the oci-java-sdk-common version '3.43.0', since the client was generated using codegen version '2.78', which is in the compatible codegen version range '2.26' to '2.78'
2024-06-09 01:37:17 [main] WARN  o.s.b.a.t.ThymeleafAutoConfiguration$DefaultTemplateResolverConfiguration - Cannot find template location: classpath:/templates/ (please add some templates, check your Thymeleaf configuration, or set spring.thymeleaf.check-template-location=false)
2024-06-09 01:37:17 [main] INFO  o.a.coyote.http11.Http11NioProtocol - Starting ProtocolHandler ["http-nio-8080"]
2024-06-09 01:37:17 [main] INFO  o.s.b.w.e.tomcat.TomcatWebServer - Tomcat started on port(s): 8080 (http) with context path ''
2024-06-09 01:37:17 [main] INFO  auto.create.oci_vm.OciVmApplication - Started OciVmApplication in 0.752 seconds (JVM running for 0.973)
2024-06-09 01:37:28 [main] INFO  auto.create.oci_vm.OciVmApplication - Starting OciVmApplication using Java 11.0.23 on sHus-MacBook-Pro.local with PID 3393 (/Users/shu/Desktop/auto-create-oci_vm/out/production/classes started by shu in /Users/shu/Desktop/auto-create-oci_vm)
2024-06-09 01:37:28 [main] INFO  auto.create.oci_vm.OciVmApplication - No active profile set, falling back to 1 default profile: "default"
2024-06-09 01:37:28 [main] INFO  o.s.b.w.e.tomcat.TomcatWebServer - Tomcat initialized with port(s): 8080 (http)
2024-06-09 01:37:28 [main] INFO  o.a.coyote.http11.Http11NioProtocol - Initializing ProtocolHandler ["http-nio-8080"]
2024-06-09 01:37:28 [main] INFO  o.a.catalina.core.StandardService - Starting service [Tomcat]
2024-06-09 01:37:28 [main] INFO  o.a.catalina.core.StandardEngine - Starting Servlet engine: [Apache Tomcat/9.0.79]
2024-06-09 01:37:28 [main] INFO  o.a.c.c.C.[Tomcat].[localhost].[/] - Initializing Spring embedded WebApplicationContext
2024-06-09 01:37:28 [main] INFO  o.s.b.w.s.c.ServletWebServerApplicationContext - Root WebApplicationContext: initialization completed in 331 ms
2024-06-09 01:37:28 [main] INFO  com.oracle.bmc.Services - Registering new service: Services.BasicService(serviceName=COMPUTE, serviceEndpointPrefix=iaas, serviceEndpointTemplate=https://iaas.{region}.{secondLevelDomain}, endpointServiceName=null)
2024-06-09 01:37:28 [main] INFO  com.oracle.bmc.Region - Loaded service 'COMPUTE' endpoint mappings: {AP_SINGAPORE_1=https://iaas.ap-singapore-1.oraclecloud.com}
2024-06-09 01:37:28 [main] INFO  com.oracle.bmc.core.ComputeClient - Setting endpoint to https://iaas.ap-singapore-1.oraclecloud.com
2024-06-09 01:37:28 [main] INFO  c.o.b.h.c.j.JerseyHttpClientBuilder - Setting connector provider to ApacheConnectorProvider
2024-06-09 01:37:28 [main] INFO  com.oracle.bmc.ClientRuntime - Using SDK: Oracle-JavaSDK/3.43.0
2024-06-09 01:37:28 [main] INFO  com.oracle.bmc.ClientRuntime - User agent set to: Oracle-JavaSDK/3.43.0 (Mac OS X/14.5; Java/11.0.23; OpenJDK 64-Bit Server VM/11.0.23+9)
2024-06-09 01:37:28 [main] INFO  com.oracle.bmc.core.ComputeClient - The client is compatible with the oci-java-sdk-common version '3.43.0', since the client was generated using codegen version '2.78', which is in the compatible codegen version range '2.26' to '2.78'
2024-06-09 01:37:28 [main] WARN  o.s.b.a.t.ThymeleafAutoConfiguration$DefaultTemplateResolverConfiguration - Cannot find template location: classpath:/templates/ (please add some templates, check your Thymeleaf configuration, or set spring.thymeleaf.check-template-location=false)
2024-06-09 01:37:28 [main] INFO  o.a.coyote.http11.Http11NioProtocol - Starting ProtocolHandler ["http-nio-8080"]
2024-06-09 01:37:28 [main] INFO  o.s.b.w.e.tomcat.TomcatWebServer - Tomcat started on port(s): 8080 (http) with context path ''
2024-06-09 01:37:28 [main] INFO  auto.create.oci_vm.OciVmApplication - Started OciVmApplication in 0.795 seconds (JVM running for 1.012)
2024-06-09 01:38:57 [main] INFO  auto.create.oci_vm.OciVmApplication - Starting OciVmApplication using Java 11.0.23 on sHus-MacBook-Pro.local with PID 3400 (/Users/shu/Desktop/auto-create-oci_vm/out/production/classes started by shu in /Users/shu/Desktop/auto-create-oci_vm)
2024-06-09 01:38:57 [main] INFO  auto.create.oci_vm.OciVmApplication - No active profile set, falling back to 1 default profile: "default"
2024-06-09 01:38:57 [main] INFO  o.s.b.w.e.tomcat.TomcatWebServer - Tomcat initialized with port(s): 8080 (http)
2024-06-09 01:38:57 [main] INFO  o.a.coyote.http11.Http11NioProtocol - Initializing ProtocolHandler ["http-nio-8080"]
2024-06-09 01:38:57 [main] INFO  o.a.catalina.core.StandardService - Starting service [Tomcat]
2024-06-09 01:38:57 [main] INFO  o.a.catalina.core.StandardEngine - Starting Servlet engine: [Apache Tomcat/9.0.79]
2024-06-09 01:38:57 [main] INFO  o.a.c.c.C.[Tomcat].[localhost].[/] - Initializing Spring embedded WebApplicationContext
2024-06-09 01:38:57 [main] INFO  o.s.b.w.s.c.ServletWebServerApplicationContext - Root WebApplicationContext: initialization completed in 329 ms
2024-06-09 01:38:57 [main] INFO  com.oracle.bmc.Services - Registering new service: Services.BasicService(serviceName=COMPUTE, serviceEndpointPrefix=iaas, serviceEndpointTemplate=https://iaas.{region}.{secondLevelDomain}, endpointServiceName=null)
2024-06-09 01:38:57 [main] INFO  com.oracle.bmc.Region - Loaded service 'COMPUTE' endpoint mappings: {AP_SINGAPORE_1=https://iaas.ap-singapore-1.oraclecloud.com}
2024-06-09 01:38:57 [main] INFO  com.oracle.bmc.core.ComputeClient - Setting endpoint to https://iaas.ap-singapore-1.oraclecloud.com
2024-06-09 01:38:57 [main] INFO  c.o.b.h.c.j.JerseyHttpClientBuilder - Setting connector provider to ApacheConnectorProvider
2024-06-09 01:38:57 [main] INFO  com.oracle.bmc.ClientRuntime - Using SDK: Oracle-JavaSDK/3.43.0
2024-06-09 01:38:57 [main] INFO  com.oracle.bmc.ClientRuntime - User agent set to: Oracle-JavaSDK/3.43.0 (Mac OS X/14.5; Java/11.0.23; OpenJDK 64-Bit Server VM/11.0.23+9)
2024-06-09 01:38:57 [main] INFO  com.oracle.bmc.core.ComputeClient - The client is compatible with the oci-java-sdk-common version '3.43.0', since the client was generated using codegen version '2.78', which is in the compatible codegen version range '2.26' to '2.78'
2024-06-09 01:38:58 [main] WARN  o.s.b.a.t.ThymeleafAutoConfiguration$DefaultTemplateResolverConfiguration - Cannot find template location: classpath:/templates/ (please add some templates, check your Thymeleaf configuration, or set spring.thymeleaf.check-template-location=false)
2024-06-09 01:38:58 [main] INFO  o.a.coyote.http11.Http11NioProtocol - Starting ProtocolHandler ["http-nio-8080"]
2024-06-09 01:38:58 [main] INFO  o.s.b.w.e.tomcat.TomcatWebServer - Tomcat started on port(s): 8080 (http) with context path ''
2024-06-09 01:38:58 [main] INFO  auto.create.oci_vm.OciVmApplication - Started OciVmApplication in 0.792 seconds (JVM running for 1.02)
2024-06-09 01:39:21 [main] INFO  auto.create.oci_vm.OciVmApplication - Starting OciVmApplication using Java 11.0.23 on sHus-MacBook-Pro.local with PID 3406 (/Users/shu/Desktop/auto-create-oci_vm/out/production/classes started by shu in /Users/shu/Desktop/auto-create-oci_vm)
2024-06-09 01:39:21 [main] INFO  auto.create.oci_vm.OciVmApplication - No active profile set, falling back to 1 default profile: "default"
2024-06-09 01:39:22 [main] INFO  o.s.b.w.e.tomcat.TomcatWebServer - Tomcat initialized with port(s): 8080 (http)
2024-06-09 01:39:22 [main] INFO  o.a.coyote.http11.Http11NioProtocol - Initializing ProtocolHandler ["http-nio-8080"]
2024-06-09 01:39:22 [main] INFO  o.a.catalina.core.StandardService - Starting service [Tomcat]
2024-06-09 01:39:22 [main] INFO  o.a.catalina.core.StandardEngine - Starting Servlet engine: [Apache Tomcat/9.0.79]
2024-06-09 01:39:22 [main] INFO  o.a.c.c.C.[Tomcat].[localhost].[/] - Initializing Spring embedded WebApplicationContext
2024-06-09 01:39:22 [main] INFO  o.s.b.w.s.c.ServletWebServerApplicationContext - Root WebApplicationContext: initialization completed in 410 ms
2024-06-09 01:39:22 [main] INFO  com.oracle.bmc.Services - Registering new service: Services.BasicService(serviceName=COMPUTE, serviceEndpointPrefix=iaas, serviceEndpointTemplate=https://iaas.{region}.{secondLevelDomain}, endpointServiceName=null)
2024-06-09 01:39:22 [main] INFO  com.oracle.bmc.Region - Loaded service 'COMPUTE' endpoint mappings: {AP_SINGAPORE_1=https://iaas.ap-singapore-1.oraclecloud.com}
2024-06-09 01:39:22 [main] INFO  com.oracle.bmc.core.ComputeClient - Setting endpoint to https://iaas.ap-singapore-1.oraclecloud.com
2024-06-09 01:39:22 [main] INFO  c.o.b.h.c.j.JerseyHttpClientBuilder - Setting connector provider to ApacheConnectorProvider
2024-06-09 01:39:22 [main] INFO  com.oracle.bmc.ClientRuntime - Using SDK: Oracle-JavaSDK/3.43.0
2024-06-09 01:39:22 [main] INFO  com.oracle.bmc.ClientRuntime - User agent set to: Oracle-JavaSDK/3.43.0 (Mac OS X/14.5; Java/11.0.23; OpenJDK 64-Bit Server VM/11.0.23+9)
2024-06-09 01:39:22 [main] INFO  com.oracle.bmc.core.ComputeClient - The client is compatible with the oci-java-sdk-common version '3.43.0', since the client was generated using codegen version '2.78', which is in the compatible codegen version range '2.26' to '2.78'
2024-06-09 01:39:22 [main] WARN  o.s.b.a.t.ThymeleafAutoConfiguration$DefaultTemplateResolverConfiguration - Cannot find template location: classpath:/templates/ (please add some templates, check your Thymeleaf configuration, or set spring.thymeleaf.check-template-location=false)
2024-06-09 01:39:22 [main] INFO  o.a.coyote.http11.Http11NioProtocol - Starting ProtocolHandler ["http-nio-8080"]
2024-06-09 01:39:22 [main] INFO  o.s.b.w.e.tomcat.TomcatWebServer - Tomcat started on port(s): 8080 (http) with context path ''
2024-06-09 01:39:22 [main] INFO  auto.create.oci_vm.OciVmApplication - Started OciVmApplication in 0.838 seconds (JVM running for 1.056)
2024-06-09 01:40:07 [scheduling-1] ERROR a.c.o.schedular.CreateVmSchedular - SRV5 서버 생성에 실패하였습니다. (Out of host capacity)
2024-06-09 01:40:14 [scheduling-1] ERROR a.c.o.schedular.CreateVmSchedular - SRV6 서버 생성에 실패하였습니다. (Out of host capacity)
2024-06-09 01:40:20 [scheduling-1] ERROR a.c.o.schedular.CreateVmSchedular - SRV7 서버 생성에 실패하였습니다. (Out of host capacity)
2024-06-09 01:40:27 [scheduling-1] ERROR a.c.o.schedular.CreateVmSchedular - SRV8 서버 생성에 실패하였습니다. (Out of host capacity)
