2024-06-19 00:26:43 [main] INFO  auto.create.oci_vm.OciVmApplication - Starting OciVmApplication using Java 11.0.19 on DESKTOP-PILPLLE with PID 21008 (C:\Users\sHu\Desktop\auto-create-oci_vm\out\production\classes started by sHu in C:\Users\sHu\Desktop\auto-create-oci_vm)
2024-06-19 00:26:43 [main] INFO  auto.create.oci_vm.OciVmApplication - No active profile set, falling back to 1 default profile: "default"
2024-06-19 00:26:44 [main] INFO  o.s.b.w.e.tomcat.TomcatWebServer - Tomcat initialized with port(s): 8080 (http)
2024-06-19 00:26:44 [main] INFO  o.a.coyote.http11.Http11NioProtocol - Initializing ProtocolHandler ["http-nio-8080"]
2024-06-19 00:26:44 [main] INFO  o.a.catalina.core.StandardService - Starting service [Tomcat]
2024-06-19 00:26:44 [main] INFO  o.a.catalina.core.StandardEngine - Starting Servlet engine: [Apache Tomcat/9.0.79]
2024-06-19 00:26:44 [main] INFO  o.a.c.c.C.[Tomcat].[localhost].[/] - Initializing Spring embedded WebApplicationContext
2024-06-19 00:26:44 [main] INFO  o.s.b.w.s.c.ServletWebServerApplicationContext - Root WebApplicationContext: initialization completed in 837 ms
2024-06-19 00:26:44 [main] INFO  com.oracle.bmc.Services - Registering new service: Services.BasicService(serviceName=COMPUTE, serviceEndpointPrefix=iaas, serviceEndpointTemplate=https://iaas.{region}.{secondLevelDomain}, endpointServiceName=null)
2024-06-19 00:26:44 [main] INFO  com.oracle.bmc.Region - Loaded service 'COMPUTE' endpoint mappings: {AP_SINGAPORE_1=https://iaas.ap-singapore-1.oraclecloud.com}
2024-06-19 00:26:44 [main] INFO  com.oracle.bmc.core.ComputeClient - Setting endpoint to https://iaas.ap-singapore-1.oraclecloud.com
2024-06-19 00:26:44 [main] INFO  c.o.b.h.c.j.JerseyHttpClientBuilder - Setting connector provider to ApacheConnectorProvider
2024-06-19 00:26:44 [main] INFO  com.oracle.bmc.ClientRuntime - Using SDK: Oracle-JavaSDK/3.43.0
2024-06-19 00:26:44 [main] INFO  com.oracle.bmc.ClientRuntime - User agent set to: Oracle-JavaSDK/3.43.0 (Windows 10/10.0; Java/11.0.19; OpenJDK 64-Bit Server VM/11.0.19+7)
2024-06-19 00:26:44 [main] INFO  com.oracle.bmc.core.ComputeClient - The client is compatible with the oci-java-sdk-common version '3.43.0', since the client was generated using codegen version '2.78', which is in the compatible codegen version range '2.26' to '2.78'
2024-06-19 00:26:44 [main] WARN  o.s.b.a.t.ThymeleafAutoConfiguration$DefaultTemplateResolverConfiguration - Cannot find template location: classpath:/templates/ (please add some templates, check your Thymeleaf configuration, or set spring.thymeleaf.check-template-location=false)
2024-06-19 00:26:44 [main] INFO  o.a.coyote.http11.Http11NioProtocol - Starting ProtocolHandler ["http-nio-8080"]
2024-06-19 00:26:44 [main] INFO  o.s.b.w.e.tomcat.TomcatWebServer - Tomcat started on port(s): 8080 (http) with context path ''
2024-06-19 00:26:44 [main] INFO  auto.create.oci_vm.OciVmApplication - Started OciVmApplication in 1.863 seconds (JVM running for 2.738)
2024-06-19 00:27:08 [scheduling-1] ERROR a.c.o.schedular.CreateVmSchedular - Error returned by LaunchInstance operation in Compute service.(429, TooManyRequests, false) Too many requests for the user (opc-request-id: D1524FB637E2448A846B3151EF115030/7393A55BB50250AFC36C6BDA99C0F5C6/5C3B233784959CF908A2694830535EE9)
Timestamp: 2024-06-18T15:27:08.441Z
Client version: Oracle-JavaSDK/3.43.0
Request Endpoint: https://iaas.ap-singapore-1.oraclecloud.com/20160918/instances
Troubleshooting Tips: See https://docs.oracle.com/en-us/iaas/Content/API/References/apierrors.htm#apierrors_429__429_toomanyrequests for more information about resolving this error
Also see https://docs.oracle.com/iaas/api/#/en/iaas/20160918/Instance/LaunchInstance for details on this operation's requirements.
To get more info on the failing request, you can enable debug level logs as mentioned in `Using SLF4J for Logging section` in https://docs.oracle.com/en-us/iaas/Content/API/SDKDocs/javasdkconfig.htm.
If you are unable to resolve this Compute issue, please contact Oracle support and provide them this full error message.
2024-06-19 00:27:17 [scheduling-1] ERROR a.c.o.schedular.CreateVmSchedular - srv3 서버 생성에 실패하였습니다. (Out of host capacity)
